
> frontend@0.1.0 start
> PORT=3001 react-scripts start

(node:44504) [DEP_WEBPACK_DEV_SERVER_ON_AFTER_SETUP_MIDDLEWARE] DeprecationWarning: 'onAfterSetupMiddleware' option is deprecated. Please use the 'setupMiddlewares' option.
(Use `node --trace-deprecation ...` to show where the warning was created)
(node:44504) [DEP_WEBPACK_DEV_SERVER_ON_BEFORE_SETUP_MIDDLEWARE] DeprecationWarning: 'onBeforeSetupMiddleware' option is deprecated. Please use the 'setupMiddlewares' option.
Starting the development server...

Compiled with warnings.

Warning
(1:1) autoprefixer: Replace color-adjust to print-color-adjust. The color-adjust shorthand is currently deprecated.

Warning
(1:1) autoprefixer: Replace color-adjust to print-color-adjust. The color-adjust shorthand is currently deprecated.

Search for the keywords to learn more about each warning.
To ignore, add // eslint-disable-next-line to the line before.

WARNING in ./src/assets/styles/index.css (./node_modules/css-loader/dist/cjs.js??ruleSet[1].rules[1].oneOf[5].use[1]!./node_modules/postcss-loader/dist/cjs.js??ruleSet[1].rules[1].oneOf[5].use[2]!./node_modules/source-map-loader/dist/cjs.js!./src/assets/styles/index.css)
Module Warning (from ./node_modules/postcss-loader/dist/cjs.js):
Warning

(1:1) autoprefixer: Replace color-adjust to print-color-adjust. The color-adjust shorthand is currently deprecated.

WARNING in ./src/assets/styles/index.css (./node_modules/css-loader/dist/cjs.js??ruleSet[1].rules[1].oneOf[5].use[1]!./node_modules/postcss-loader/dist/cjs.js??ruleSet[1].rules[1].oneOf[5].use[2]!./node_modules/source-map-loader/dist/cjs.js!./src/assets/styles/index.css)
Module Warning (from ./node_modules/postcss-loader/dist/cjs.js):
Warning

(1:1) autoprefixer: Replace color-adjust to print-color-adjust. The color-adjust shorthand is currently deprecated.

webpack compiled with 2 warnings
The build failed because the process exited too early. This probably means the system ran out of memory or someone called `kill -9` on the process.
